2024-07-17 11:09:19,659 - INFO - 2024-07-17 11:09:19
2024-07-17 11:09:19,660 - INFO - 48公布了！！: {
	"code":"201",
	"data":null,
	"msg":"未到电脑随机派位结果公示时间，请耐心等待",
	"result":""
}
2024-07-17 11:10:24,057 - INFO - 2024-07-17 11:10:24
2024-07-17 11:10:24,057 - INFO - 网站没有变化，没有开始.
2024-07-17 11:11:26,397 - INFO - 2024-07-17 11:11:26
2024-07-17 11:11:26,398 - INFO - 网站没有变化，没有开始.
2024-07-17 11:12:28,701 - INFO - 2024-07-17 11:12:28
2024-07-17 11:12:28,702 - INFO - 网站没有变化，没有开始.
2024-07-17 11:13:30,941 - INFO - 2024-07-17 11:13:30
2024-07-17 11:13:30,942 - INFO - 网站没有变化，没有开始.
2024-07-17 11:14:33,210 - INFO - 2024-07-17 11:14:33
2024-07-17 11:14:33,210 - INFO - 网站没有变化，没有开始.
2024-07-17 11:15:35,438 - INFO - 2024-07-17 11:15:35
2024-07-17 11:15:35,438 - INFO - 网站没有变化，没有开始.
2024-07-17 11:16:39,830 - INFO - 2024-07-17 11:16:39
2024-07-17 11:16:39,830 - INFO - 网站没有变化，没有开始.
2024-07-17 11:17:42,167 - INFO - 2024-07-17 11:17:42
2024-07-17 11:17:42,167 - INFO - 网站没有变化，没有开始.
2024-07-17 11:18:44,462 - INFO - 2024-07-17 11:18:44
2024-07-17 11:18:44,463 - INFO - 网站没有变化，没有开始.
2024-07-17 11:19:46,810 - INFO - 2024-07-17 11:19:46
2024-07-17 11:19:46,810 - INFO - 网站没有变化，没有开始.
2024-07-17 11:20:49,214 - INFO - 2024-07-17 11:20:49
2024-07-17 11:20:49,214 - INFO - 网站没有变化，没有开始.
2024-07-17 11:21:51,569 - INFO - 2024-07-17 11:21:51
2024-07-17 11:21:51,571 - INFO - 网站没有变化，没有开始.
2024-07-17 11:22:53,863 - INFO - 2024-07-17 11:22:53
2024-07-17 11:22:53,866 - INFO - 网站没有变化，没有开始.
2024-07-17 11:23:56,110 - INFO - 2024-07-17 11:23:56
2024-07-17 11:23:56,111 - INFO - 网站没有变化，没有开始.
2024-07-17 11:24:58,353 - INFO - 2024-07-17 11:24:58
2024-07-17 11:24:58,354 - INFO - 网站没有变化，没有开始.
2024-07-17 11:26:00,629 - INFO - 2024-07-17 11:26:00
2024-07-17 11:26:00,629 - INFO - 网站没有变化，没有开始.
2024-07-17 11:27:03,037 - INFO - 2024-07-17 11:27:03
2024-07-17 11:27:03,040 - INFO - 网站没有变化，没有开始.
2024-07-17 11:28:05,341 - INFO - 2024-07-17 11:28:05
2024-07-17 11:28:05,342 - INFO - 网站没有变化，没有开始.
2024-07-17 11:29:07,670 - INFO - 2024-07-17 11:29:07
2024-07-17 11:29:07,671 - INFO - 网站没有变化，没有开始.
2024-07-17 11:30:10,024 - INFO - 2024-07-17 11:30:10
2024-07-17 11:30:10,025 - INFO - 网站没有变化，没有开始.
2024-07-17 11:31:12,247 - INFO - 2024-07-17 11:31:12
2024-07-17 11:31:12,249 - INFO - 网站没有变化，没有开始.
2024-07-17 11:32:14,532 - INFO - 2024-07-17 11:32:14
2024-07-17 11:32:14,532 - INFO - 网站没有变化，没有开始.
2024-07-17 11:33:16,804 - INFO - 2024-07-17 11:33:16
2024-07-17 11:33:16,805 - INFO - 网站没有变化，没有开始.
2024-07-17 11:34:19,072 - INFO - 2024-07-17 11:34:19
2024-07-17 11:34:19,072 - INFO - 网站没有变化，没有开始.
2024-07-17 11:35:21,414 - INFO - 2024-07-17 11:35:21
2024-07-17 11:35:21,414 - INFO - 网站没有变化，没有开始.
2024-07-17 11:36:23,664 - INFO - 2024-07-17 11:36:23
2024-07-17 11:36:23,664 - INFO - 网站没有变化，没有开始.
2024-07-17 11:37:25,982 - INFO - 2024-07-17 11:37:25
2024-07-17 11:37:25,982 - INFO - 网站没有变化，没有开始.
2024-07-17 11:38:28,482 - INFO - 2024-07-17 11:38:28
2024-07-17 11:38:28,482 - INFO - 网站没有变化，没有开始.
2024-07-17 11:39:30,852 - INFO - 2024-07-17 11:39:30
2024-07-17 11:39:30,852 - INFO - 网站没有变化，没有开始.
2024-07-17 11:40:33,144 - INFO - 2024-07-17 11:40:33
2024-07-17 11:40:33,144 - INFO - 网站没有变化，没有开始.
2024-07-17 11:41:35,444 - INFO - 2024-07-17 11:41:35
2024-07-17 11:41:35,444 - INFO - 网站没有变化，没有开始.
2024-07-17 11:42:37,730 - INFO - 2024-07-17 11:42:37
2024-07-17 11:42:37,732 - INFO - 网站没有变化，没有开始.
2024-07-17 11:43:40,217 - INFO - 2024-07-17 11:43:40
2024-07-17 11:43:40,218 - INFO - 网站没有变化，没有开始.
2024-07-17 11:44:42,511 - INFO - 2024-07-17 11:44:42
2024-07-17 11:44:42,512 - INFO - 网站没有变化，没有开始.
2024-07-17 11:45:44,788 - INFO - 2024-07-17 11:45:44
2024-07-17 11:45:44,789 - INFO - 网站没有变化，没有开始.
2024-07-17 11:46:47,155 - INFO - 2024-07-17 11:46:47
2024-07-17 11:46:47,156 - INFO - 网站没有变化，没有开始.
2024-07-17 11:47:49,427 - INFO - 2024-07-17 11:47:49
2024-07-17 11:47:49,427 - INFO - 网站没有变化，没有开始.
2024-07-17 11:48:51,746 - INFO - 2024-07-17 11:48:51
2024-07-17 11:48:51,747 - INFO - 网站没有变化，没有开始.
2024-07-17 11:49:54,024 - INFO - 2024-07-17 11:49:54
2024-07-17 11:49:54,025 - INFO - 网站没有变化，没有开始.
2024-07-17 11:50:56,293 - INFO - 2024-07-17 11:50:56
2024-07-17 11:50:56,294 - INFO - 网站没有变化，没有开始.
2024-07-17 11:51:58,567 - INFO - 2024-07-17 11:51:58
2024-07-17 11:51:58,567 - INFO - 网站没有变化，没有开始.
2024-07-17 11:53:00,834 - INFO - 2024-07-17 11:53:00
2024-07-17 11:53:00,834 - INFO - 网站没有变化，没有开始.
2024-07-17 11:54:03,125 - INFO - 2024-07-17 11:54:03
2024-07-17 11:54:03,126 - INFO - 网站没有变化，没有开始.
2024-07-17 11:55:05,428 - INFO - 2024-07-17 11:55:05
2024-07-17 11:55:05,428 - INFO - 网站没有变化，没有开始.
2024-07-17 11:56:07,705 - INFO - 2024-07-17 11:56:07
2024-07-17 11:56:07,706 - INFO - 网站没有变化，没有开始.
2024-07-17 11:57:09,951 - INFO - 2024-07-17 11:57:09
2024-07-17 11:57:09,951 - INFO - 网站没有变化，没有开始.
2024-07-17 11:58:12,219 - INFO - 2024-07-17 11:58:12
2024-07-17 11:58:12,219 - INFO - 网站没有变化，没有开始.
2024-07-17 11:59:14,582 - INFO - 2024-07-17 11:59:14
2024-07-17 11:59:14,582 - INFO - 网站没有变化，没有开始.
2024-07-17 12:00:16,860 - INFO - 2024-07-17 12:00:16
2024-07-17 12:00:16,861 - INFO - 网站没有变化，没有开始.
2024-07-17 12:01:19,161 - INFO - 2024-07-17 12:01:19
2024-07-17 12:01:19,161 - INFO - 网站没有变化，没有开始.
2024-07-17 12:02:21,528 - INFO - 2024-07-17 12:02:21
2024-07-17 12:02:21,528 - INFO - 网站没有变化，没有开始.
2024-07-17 12:03:23,821 - INFO - 2024-07-17 12:03:23
2024-07-17 12:03:23,821 - INFO - 网站没有变化，没有开始.
2024-07-17 12:04:26,118 - INFO - 2024-07-17 12:04:26
2024-07-17 12:04:26,118 - INFO - 网站没有变化，没有开始.
2024-07-17 12:05:28,449 - INFO - 2024-07-17 12:05:28
2024-07-17 12:05:28,449 - INFO - 网站没有变化，没有开始.
2024-07-17 12:06:30,791 - INFO - 2024-07-17 12:06:30
2024-07-17 12:06:30,791 - INFO - 网站没有变化，没有开始.
2024-07-17 12:07:33,024 - INFO - 2024-07-17 12:07:33
2024-07-17 12:07:33,025 - INFO - 网站没有变化，没有开始.
2024-07-17 12:08:35,338 - INFO - 2024-07-17 12:08:35
2024-07-17 12:08:35,339 - INFO - 网站没有变化，没有开始.
2024-07-17 12:09:37,625 - INFO - 2024-07-17 12:09:37
2024-07-17 12:09:37,625 - INFO - 网站没有变化，没有开始.
2024-07-17 12:10:39,949 - INFO - 2024-07-17 12:10:39
2024-07-17 12:10:39,949 - INFO - 网站没有变化，没有开始.
2024-07-17 12:11:42,216 - INFO - 2024-07-17 12:11:42
2024-07-17 12:11:42,216 - INFO - 网站没有变化，没有开始.
2024-07-17 12:12:44,549 - INFO - 2024-07-17 12:12:44
2024-07-17 12:12:44,550 - INFO - 网站没有变化，没有开始.
2024-07-17 12:13:46,907 - INFO - 2024-07-17 12:13:46
2024-07-17 12:13:46,907 - INFO - 网站没有变化，没有开始.
2024-07-17 12:14:49,178 - INFO - 2024-07-17 12:14:49
2024-07-17 12:14:49,179 - INFO - 网站没有变化，没有开始.
2024-07-17 12:15:51,533 - INFO - 2024-07-17 12:15:51
2024-07-17 12:15:51,534 - INFO - 网站没有变化，没有开始.
2024-07-17 12:16:53,807 - INFO - 2024-07-17 12:16:53
2024-07-17 12:16:53,807 - INFO - 网站没有变化，没有开始.
2024-07-17 12:17:56,090 - INFO - 2024-07-17 12:17:56
2024-07-17 12:17:56,090 - INFO - 网站没有变化，没有开始.
2024-07-17 12:18:58,413 - INFO - 2024-07-17 12:18:58
2024-07-17 12:18:58,414 - INFO - 网站没有变化，没有开始.
2024-07-17 12:20:00,757 - INFO - 2024-07-17 12:20:00
2024-07-17 12:20:00,757 - INFO - 网站没有变化，没有开始.
2024-07-17 12:21:03,113 - INFO - 2024-07-17 12:21:03
2024-07-17 12:21:03,113 - INFO - 网站没有变化，没有开始.
2024-07-17 12:22:05,381 - INFO - 2024-07-17 12:22:05
2024-07-17 12:22:05,381 - INFO - 网站没有变化，没有开始.
2024-07-17 12:23:07,770 - INFO - 2024-07-17 12:23:07
2024-07-17 12:23:07,770 - INFO - 网站没有变化，没有开始.
2024-07-17 12:24:10,098 - INFO - 2024-07-17 12:24:10
2024-07-17 12:24:10,099 - INFO - 网站没有变化，没有开始.
2024-07-17 12:25:12,495 - INFO - 2024-07-17 12:25:12
2024-07-17 12:25:12,496 - INFO - 网站没有变化，没有开始.
2024-07-17 12:26:14,925 - INFO - 2024-07-17 12:26:14
2024-07-17 12:26:14,925 - INFO - 网站没有变化，没有开始.
2024-07-17 12:27:17,208 - INFO - 2024-07-17 12:27:17
2024-07-17 12:27:17,208 - INFO - 网站没有变化，没有开始.
2024-07-17 12:28:19,528 - INFO - 2024-07-17 12:28:19
2024-07-17 12:28:19,529 - INFO - 网站没有变化，没有开始.
2024-07-17 12:29:21,883 - INFO - 2024-07-17 12:29:21
2024-07-17 12:29:21,883 - INFO - 网站没有变化，没有开始.
2024-07-17 12:30:24,167 - INFO - 2024-07-17 12:30:24
2024-07-17 12:30:24,167 - INFO - 网站没有变化，没有开始.
2024-07-17 12:31:26,472 - INFO - 2024-07-17 12:31:26
2024-07-17 12:31:26,472 - INFO - 网站没有变化，没有开始.
2024-07-17 12:32:28,757 - INFO - 2024-07-17 12:32:28
2024-07-17 12:32:28,757 - INFO - 网站没有变化，没有开始.
2024-07-17 12:33:31,024 - INFO - 2024-07-17 12:33:31
2024-07-17 12:33:31,025 - INFO - 网站没有变化，没有开始.
2024-07-17 12:34:33,390 - INFO - 2024-07-17 12:34:33
2024-07-17 12:34:33,391 - INFO - 网站没有变化，没有开始.
2024-07-17 12:35:35,799 - INFO - 2024-07-17 12:35:35
2024-07-17 12:35:35,799 - INFO - 网站没有变化，没有开始.
2024-07-17 12:36:38,142 - INFO - 2024-07-17 12:36:38
2024-07-17 12:36:38,143 - INFO - 网站没有变化，没有开始.
2024-07-17 12:37:40,420 - INFO - 2024-07-17 12:37:40
2024-07-17 12:37:40,420 - INFO - 网站没有变化，没有开始.
2024-07-17 12:38:42,691 - INFO - 2024-07-17 12:38:42
2024-07-17 12:38:42,691 - INFO - 网站没有变化，没有开始.
2024-07-17 12:39:44,971 - INFO - 2024-07-17 12:39:44
2024-07-17 12:39:44,971 - INFO - 网站没有变化，没有开始.
2024-07-17 12:40:47,288 - INFO - 2024-07-17 12:40:47
2024-07-17 12:40:47,288 - INFO - 网站没有变化，没有开始.
2024-07-17 12:41:50,702 - INFO - 2024-07-17 12:41:50
2024-07-17 12:41:50,702 - INFO - 网站没有变化，没有开始.
2024-07-17 12:42:52,999 - INFO - 2024-07-17 12:42:52
2024-07-17 12:42:52,999 - INFO - 网站没有变化，没有开始.
2024-07-17 12:43:55,409 - INFO - 2024-07-17 12:43:55
2024-07-17 12:43:55,410 - INFO - 网站没有变化，没有开始.
2024-07-17 12:44:57,887 - INFO - 2024-07-17 12:44:57
2024-07-17 12:44:57,888 - INFO - 网站没有变化，没有开始.
2024-07-17 12:46:00,232 - INFO - 2024-07-17 12:46:00
2024-07-17 12:46:00,233 - INFO - 网站没有变化，没有开始.
2024-07-17 12:47:02,517 - INFO - 2024-07-17 12:47:02
2024-07-17 12:47:02,517 - INFO - 网站没有变化，没有开始.
2024-07-17 12:48:04,928 - INFO - 2024-07-17 12:48:04
2024-07-17 12:48:04,928 - INFO - 网站没有变化，没有开始.
2024-07-17 12:49:07,206 - INFO - 2024-07-17 12:49:07
2024-07-17 12:49:07,206 - INFO - 网站没有变化，没有开始.
2024-07-17 12:50:09,594 - INFO - 2024-07-17 12:50:09
2024-07-17 12:50:09,594 - INFO - 网站没有变化，没有开始.
2024-07-17 12:51:11,923 - INFO - 2024-07-17 12:51:11
2024-07-17 12:51:11,924 - INFO - 网站没有变化，没有开始.
2024-07-17 12:52:14,209 - INFO - 2024-07-17 12:52:14
2024-07-17 12:52:14,210 - INFO - 网站没有变化，没有开始.
2024-07-17 12:53:16,552 - INFO - 2024-07-17 12:53:16
2024-07-17 12:53:16,552 - INFO - 网站没有变化，没有开始.
2024-07-17 12:54:18,801 - INFO - 2024-07-17 12:54:18
2024-07-17 12:54:18,801 - INFO - 网站没有变化，没有开始.
2024-07-17 12:55:21,465 - INFO - 2024-07-17 12:55:21
2024-07-17 12:55:21,466 - INFO - 网站没有变化，没有开始.
2024-07-17 12:56:23,805 - INFO - 2024-07-17 12:56:23
2024-07-17 12:56:23,807 - INFO - 网站没有变化，没有开始.
2024-07-17 12:57:26,083 - INFO - 2024-07-17 12:57:26
2024-07-17 12:57:26,083 - INFO - 网站没有变化，没有开始.
2024-07-17 12:58:28,347 - INFO - 2024-07-17 12:58:28
2024-07-17 12:58:28,347 - INFO - 网站没有变化，没有开始.
2024-07-17 12:59:30,670 - INFO - 2024-07-17 12:59:30
2024-07-17 12:59:30,670 - INFO - 网站没有变化，没有开始.
2024-07-17 13:00:33,019 - INFO - 2024-07-17 13:00:33
2024-07-17 13:00:33,020 - INFO - 网站没有变化，没有开始.
2024-07-17 13:01:35,359 - INFO - 2024-07-17 13:01:35
2024-07-17 13:01:35,360 - INFO - 网站没有变化，没有开始.
2024-07-17 13:02:37,709 - INFO - 2024-07-17 13:02:37
2024-07-17 13:02:37,709 - INFO - 网站没有变化，没有开始.
2024-07-17 13:03:40,015 - INFO - 2024-07-17 13:03:40
2024-07-17 13:03:40,016 - INFO - 网站没有变化，没有开始.
2024-07-17 13:04:42,350 - INFO - 2024-07-17 13:04:42
2024-07-17 13:04:42,351 - INFO - 网站没有变化，没有开始.
2024-07-17 13:05:44,603 - INFO - 2024-07-17 13:05:44
2024-07-17 13:05:44,604 - INFO - 网站没有变化，没有开始.
2024-07-17 13:06:46,960 - INFO - 2024-07-17 13:06:46
2024-07-17 13:06:46,960 - INFO - 网站没有变化，没有开始.
2024-07-17 13:07:49,360 - INFO - 2024-07-17 13:07:49
2024-07-17 13:07:49,361 - INFO - 网站没有变化，没有开始.
2024-07-17 13:08:51,721 - INFO - 2024-07-17 13:08:51
2024-07-17 13:08:51,721 - INFO - 网站没有变化，没有开始.
2024-07-17 13:09:53,997 - INFO - 2024-07-17 13:09:53
2024-07-17 13:09:53,997 - INFO - 网站没有变化，没有开始.
2024-07-17 13:10:56,324 - INFO - 2024-07-17 13:10:56
2024-07-17 13:10:56,325 - INFO - 网站没有变化，没有开始.
2024-07-17 13:11:58,650 - INFO - 2024-07-17 13:11:58
2024-07-17 13:11:58,651 - INFO - 网站没有变化，没有开始.
2024-07-17 13:13:00,895 - INFO - 2024-07-17 13:13:00
2024-07-17 13:13:00,895 - INFO - 网站没有变化，没有开始.
2024-07-17 13:14:04,223 - INFO - 2024-07-17 13:14:04
2024-07-17 13:14:04,223 - INFO - 网站没有变化，没有开始.
2024-07-17 13:15:06,579 - INFO - 2024-07-17 13:15:06
2024-07-17 13:15:06,580 - INFO - 网站没有变化，没有开始.
2024-07-17 13:16:08,906 - INFO - 2024-07-17 13:16:08
2024-07-17 13:16:08,906 - INFO - 网站没有变化，没有开始.
2024-07-17 13:17:11,166 - INFO - 2024-07-17 13:17:11
2024-07-17 13:17:11,166 - INFO - 48公布了！！: {
	"code":"200",
	"data":null,
	"msg":"",
	"result":{
		"endRow":2,
		"hasNextPage":false,
		"hasPreviousPage":false,
		"isFirstPage":true,
		"isLastPage":true,
		"list":[
			{
				"areaId":17,
				"areaName":"栾城区",
				"juniorFemaleStatus":null,
				"juniorFemaleStatusInner":null,
				"juniorMaleStatus":null,
				"juniorMaleStatusInner":null,
				"juniorMfHasStatus":0,
				"juniorMfHasStatusInner":0,
				"juniorMfStatus":1,
				"juniorMfStatusInner":1,
				"juniorNoboardStatus":0,
				"juniorNoboardStatusInner":null,
				"period":2,
				"primaryFemaleStatus":null,
				"primaryMaleStatus":null,
				"primaryMfHasStatus":0,
				"primaryMfStatus":1,
				"primaryNoboardStatus":null,
				"schoolId":211,
				"schoolName":"石家庄市第四十八中学",
				"schoolPeriod":"junior",
				"status":null
			},
			{
				"areaId":17,
				"areaName":"栾城区",
				"juniorFemaleStatus":null,
				"juniorFemaleStatusInner":null,
				"juniorMaleStatus":null,
				"juniorMaleStatusInner":null,
				"juniorMfHasStatus":0,
				"juniorMfHasStatusInner":0,
				"juniorMfStatus":1,
				"juniorMfStatusInner":1,
				"juniorNoboardStatus":0,
				"juniorNoboardStatusInner":null,
				"period":2,
				"primaryFemaleStatus":null,
				"primaryMaleStatus":null,
				"primaryMfHasStatus":0,
				"primaryMfStatus":1,
				"primaryNoboardStatus":null,
				"schoolId":212,
				"schoolName":"石家庄市第四十八中学-非栾城区招生",
				"schoolPeriod":"junior",
				"status":null
			}
		],
		"navigateFirstPage":1,
		"navigateLastPage":1,
		"navigatePages":8,
		"navigatepageNums":[1],
		"nextPage":0,
		"pageNum":1,
		"pageSize":10,
		"pages":1,
		"prePage":0,
		"size":2,
		"startRow":1,
		"total":"2"
	}
}
2024-07-17 13:24:03,213 - INFO - 2024-07-17 13:24:03
2024-07-17 13:24:03,214 - INFO - 网站没有变化，没有开始.
2024-07-17 13:30:42,237 - INFO - 2024-07-17 13:30:42
2024-07-17 13:30:42,239 - INFO - 网站没有变化，没有开始.
2024-07-17 13:39:43,827 - INFO - 2024-07-17 13:39:43
2024-07-17 13:39:43,828 - INFO - 网站没有变化，没有开始.
2024-07-17 13:44:36,617 - INFO - 2024-07-17 13:44:36
2024-07-17 13:44:36,617 - INFO - 网站没有变化，没有开始.
2024-07-17 13:48:43,865 - INFO - 2024-07-17 13:48:43
2024-07-17 13:48:43,866 - INFO - 网站没有变化，没有开始.
2024-07-17 13:52:54,834 - INFO - 2024-07-17 13:52:54
2024-07-17 13:52:54,835 - INFO - 网站没有变化，没有开始.
2024-07-17 13:54:46,313 - INFO - 2024-07-17 13:54:46
2024-07-17 13:54:46,313 - INFO - 网站没有变化，没有开始.
2024-07-17 14:00:32,656 - INFO - 2024-07-17 14:00:32
2024-07-17 14:00:32,657 - INFO - 网站没有变化，没有开始.
2024-07-17 14:05:52,159 - INFO - 2024-07-17 14:05:52
2024-07-17 14:05:52,159 - INFO - 网站没有变化，没有开始.
2024-07-17 14:15:39,229 - INFO - 2024-07-17 14:15:39
2024-07-17 14:15:39,230 - INFO - 网站没有变化，没有开始.
2024-07-17 14:19:21,319 - INFO - 2024-07-17 14:19:21
2024-07-17 14:19:21,322 - INFO - 网站没有变化，没有开始.
2024-07-17 14:20:46,102 - INFO - 2024-07-17 14:20:46
2024-07-17 14:20:46,105 - INFO - 48公布了！！: <html>
<head><title>502 Bad Gateway</title></head>
<body>
<center><h1>502 Bad Gateway</h1></center>
<hr><center>sdjy/1.0</center>
</body>
</html>
<!-- a padding to disable MSIE and Chrome friendly error page -->
<!-- a padding to disable MSIE and Chrome friendly error page -->
<!-- a padding to disable MSIE and Chrome friendly error page -->
<!-- a padding to disable MSIE and Chrome friendly error page -->
<!-- a padding to disable MSIE and Chrome friendly error page -->
<!-- a padding to disable MSIE and Chrome friendly error page -->

2024-07-17 14:31:50,203 - INFO - 2024-07-17 14:31:50
2024-07-17 14:31:50,204 - INFO - 48公布了！！: <!DOCTYPE HTML PUBLIC "-//IETF//DTD HTML 2.0//EN">
<html>
<head><title>504 Gateway Time-out</title></head>
<body>
<center><h1>504 Gateway Time-out</h1></center>
<hr><center>tengine</center>
</body>
</html>

2024-07-17 14:38:28,008 - INFO - 2024-07-17 14:38:28
2024-07-17 14:38:28,008 - INFO - 48公布了！！: {
	"code":"200",
	"data":null,
	"msg":"",
	"result":{
		"endRow":2,
		"hasNextPage":false,
		"hasPreviousPage":false,
		"isFirstPage":true,
		"isLastPage":true,
		"list":[
			{
				"areaId":17,
				"areaName":"栾城区",
				"juniorFemaleStatus":null,
				"juniorFemaleStatusInner":null,
				"juniorMaleStatus":null,
				"juniorMaleStatusInner":null,
				"juniorMfHasStatus":0,
				"juniorMfHasStatusInner":0,
				"juniorMfStatus":1,
				"juniorMfStatusInner":1,
				"juniorNoboardStatus":0,
				"juniorNoboardStatusInner":null,
				"period":2,
				"primaryFemaleStatus":null,
				"primaryMaleStatus":null,
				"primaryMfHasStatus":0,
				"primaryMfStatus":1,
				"primaryNoboardStatus":null,
				"schoolId":211,
				"schoolName":"石家庄市第四十八中学",
				"schoolPeriod":"junior",
				"status":null
			},
			{
				"areaId":17,
				"areaName":"栾城区",
				"juniorFemaleStatus":null,
				"juniorFemaleStatusInner":null,
				"juniorMaleStatus":null,
				"juniorMaleStatusInner":null,
				"juniorMfHasStatus":0,
				"juniorMfHasStatusInner":0,
				"juniorMfStatus":1,
				"juniorMfStatusInner":1,
				"juniorNoboardStatus":0,
				"juniorNoboardStatusInner":null,
				"period":2,
				"primaryFemaleStatus":null,
				"primaryMaleStatus":null,
				"primaryMfHasStatus":0,
				"primaryMfStatus":1,
				"primaryNoboardStatus":null,
				"schoolId":212,
				"schoolName":"石家庄市第四十八中学-非栾城区招生",
				"schoolPeriod":"junior",
				"status":null
			}
		],
		"navigateFirstPage":1,
		"navigateLastPage":1,
		"navigatePages":8,
		"navigatepageNums":[1],
		"nextPage":0,
		"pageNum":1,
		"pageSize":10,
		"pages":1,
		"prePage":0,
		"size":2,
		"startRow":1,
		"total":"2"
	}
}
2024-07-17 14:45:26,038 - INFO - 2024-07-17 14:45:26
2024-07-17 14:45:26,038 - INFO - 网站没有变化，没有开始.
2024-07-17 14:48:22,984 - INFO - 2024-07-17 14:48:22
2024-07-17 14:48:22,984 - INFO - 网站没有变化，没有开始.
2024-07-17 14:54:58,658 - INFO - 2024-07-17 14:54:58
2024-07-17 14:54:58,663 - INFO - 网站没有变化，没有开始.
2024-07-17 14:58:17,428 - INFO - 2024-07-17 14:58:17
2024-07-17 14:58:17,428 - INFO - 48公布了！！: {
	"code":"201",
	"data":null,
	"msg":"未到电脑随机派位结果公示时间，请耐心等待",
	"result":""
}
2024-07-17 14:59:21,875 - INFO - 2024-07-17 14:59:21
2024-07-17 14:59:21,876 - INFO - 网站没有变化，没有开始.
2024-07-17 15:00:24,179 - INFO - 2024-07-17 15:00:24
2024-07-17 15:00:24,180 - INFO - 网站没有变化，没有开始.
2024-07-17 15:01:26,479 - INFO - 2024-07-17 15:01:26
2024-07-17 15:01:26,480 - INFO - 网站没有变化，没有开始.
2024-07-17 15:02:28,868 - INFO - 2024-07-17 15:02:28
2024-07-17 15:02:28,869 - INFO - 网站没有变化，没有开始.
2024-07-17 15:03:31,135 - INFO - 2024-07-17 15:03:31
2024-07-17 15:03:31,136 - INFO - 网站没有变化，没有开始.
2024-07-17 15:04:33,444 - INFO - 2024-07-17 15:04:33
2024-07-17 15:04:33,444 - INFO - 网站没有变化，没有开始.
2024-07-17 15:05:35,789 - INFO - 2024-07-17 15:05:35
2024-07-17 15:05:35,790 - INFO - 网站没有变化，没有开始.
2024-07-17 15:06:38,025 - INFO - 2024-07-17 15:06:38
2024-07-17 15:06:38,026 - INFO - 网站没有变化，没有开始.
2024-07-17 15:07:40,404 - INFO - 2024-07-17 15:07:40
2024-07-17 15:07:40,405 - INFO - 网站没有变化，没有开始.
2024-07-17 15:08:42,723 - INFO - 2024-07-17 15:08:42
2024-07-17 15:08:42,723 - INFO - 网站没有变化，没有开始.
2024-07-17 15:09:45,101 - INFO - 2024-07-17 15:09:45
2024-07-17 15:09:45,102 - INFO - 网站没有变化，没有开始.
2024-07-17 15:10:47,411 - INFO - 2024-07-17 15:10:47
2024-07-17 15:10:47,411 - INFO - 网站没有变化，没有开始.
2024-07-17 15:11:49,764 - INFO - 2024-07-17 15:11:49
2024-07-17 15:11:49,765 - INFO - 网站没有变化，没有开始.
2024-07-17 15:12:52,035 - INFO - 2024-07-17 15:12:52
2024-07-17 15:12:52,037 - INFO - 网站没有变化，没有开始.
2024-07-17 15:13:54,356 - INFO - 2024-07-17 15:13:54
2024-07-17 15:13:54,356 - INFO - 网站没有变化，没有开始.
2024-07-17 15:14:56,626 - INFO - 2024-07-17 15:14:56
2024-07-17 15:14:56,626 - INFO - 网站没有变化，没有开始.
2024-07-17 15:15:59,036 - INFO - 2024-07-17 15:15:59
2024-07-17 15:15:59,036 - INFO - 网站没有变化，没有开始.
2024-07-17 15:17:01,369 - INFO - 2024-07-17 15:17:01
2024-07-17 15:17:01,371 - INFO - 网站没有变化，没有开始.
2024-07-17 15:18:03,634 - INFO - 2024-07-17 15:18:03
2024-07-17 15:18:03,635 - INFO - 网站没有变化，没有开始.
2024-07-17 15:19:08,581 - INFO - 2024-07-17 15:19:08
2024-07-17 15:19:08,581 - INFO - 网站没有变化，没有开始.
2024-07-17 15:20:10,857 - INFO - 2024-07-17 15:20:10
2024-07-17 15:20:10,857 - INFO - 网站没有变化，没有开始.
2024-07-17 15:21:13,229 - INFO - 2024-07-17 15:21:13
2024-07-17 15:21:13,229 - INFO - 网站没有变化，没有开始.
2024-07-17 15:22:15,572 - INFO - 2024-07-17 15:22:15
2024-07-17 15:22:15,573 - INFO - 网站没有变化，没有开始.
2024-07-17 15:23:18,067 - INFO - 2024-07-17 15:23:18
2024-07-17 15:23:18,067 - INFO - 网站没有变化，没有开始.
2024-07-17 15:24:20,408 - INFO - 2024-07-17 15:24:20
2024-07-17 15:24:20,408 - INFO - 网站没有变化，没有开始.
2024-07-17 15:25:22,872 - INFO - 2024-07-17 15:25:22
2024-07-17 15:25:22,873 - INFO - 网站没有变化，没有开始.
2024-07-17 15:26:25,165 - INFO - 2024-07-17 15:26:25
2024-07-17 15:26:25,165 - INFO - 网站没有变化，没有开始.
2024-07-17 15:27:27,525 - INFO - 2024-07-17 15:27:27
2024-07-17 15:27:27,526 - INFO - 网站没有变化，没有开始.
2024-07-17 15:28:29,855 - INFO - 2024-07-17 15:28:29
2024-07-17 15:28:29,856 - INFO - 网站没有变化，没有开始.
2024-07-17 15:29:32,161 - INFO - 2024-07-17 15:29:32
2024-07-17 15:29:32,162 - INFO - 网站没有变化，没有开始.
2024-07-17 15:30:34,447 - INFO - 2024-07-17 15:30:34
2024-07-17 15:30:34,447 - INFO - 网站没有变化，没有开始.
2024-07-17 15:31:36,738 - INFO - 2024-07-17 15:31:36
2024-07-17 15:31:36,739 - INFO - 网站没有变化，没有开始.
2024-07-17 15:32:39,007 - INFO - 2024-07-17 15:32:39
2024-07-17 15:32:39,007 - INFO - 网站没有变化，没有开始.
2024-07-17 15:33:41,277 - INFO - 2024-07-17 15:33:41
2024-07-17 15:33:41,278 - INFO - 网站没有变化，没有开始.
2024-07-17 15:34:43,621 - INFO - 2024-07-17 15:34:43
2024-07-17 15:34:43,622 - INFO - 网站没有变化，没有开始.
2024-07-17 15:35:45,958 - INFO - 2024-07-17 15:35:45
2024-07-17 15:35:45,958 - INFO - 网站没有变化，没有开始.
2024-07-17 15:36:48,270 - INFO - 2024-07-17 15:36:48
2024-07-17 15:36:48,271 - INFO - 网站没有变化，没有开始.
2024-07-17 15:37:51,548 - INFO - 2024-07-17 15:37:51
2024-07-17 15:37:51,549 - INFO - 网站没有变化，没有开始.
2024-07-17 15:38:53,783 - INFO - 2024-07-17 15:38:53
2024-07-17 15:38:53,784 - INFO - 网站没有变化，没有开始.
2024-07-17 15:39:56,077 - INFO - 2024-07-17 15:39:56
2024-07-17 15:39:56,078 - INFO - 网站没有变化，没有开始.
2024-07-17 15:40:58,391 - INFO - 2024-07-17 15:40:58
2024-07-17 15:40:58,391 - INFO - 网站没有变化，没有开始.
2024-07-17 15:42:00,797 - INFO - 2024-07-17 15:42:00
2024-07-17 15:42:00,798 - INFO - 网站没有变化，没有开始.
2024-07-17 15:43:03,149 - INFO - 2024-07-17 15:43:03
2024-07-17 15:43:03,149 - INFO - 网站没有变化，没有开始.
2024-07-17 15:44:05,461 - INFO - 2024-07-17 15:44:05
2024-07-17 15:44:05,462 - INFO - 网站没有变化，没有开始.
2024-07-17 15:45:07,799 - INFO - 2024-07-17 15:45:07
2024-07-17 15:45:07,800 - INFO - 网站没有变化，没有开始.
2024-07-17 15:46:10,300 - INFO - 2024-07-17 15:46:10
2024-07-17 15:46:10,300 - INFO - 网站没有变化，没有开始.
2024-07-17 15:47:12,630 - INFO - 2024-07-17 15:47:12
2024-07-17 15:47:12,630 - INFO - 网站没有变化，没有开始.
2024-07-17 15:48:14,900 - INFO - 2024-07-17 15:48:14
2024-07-17 15:48:14,901 - INFO - 网站没有变化，没有开始.
2024-07-17 15:49:17,173 - INFO - 2024-07-17 15:49:17
2024-07-17 15:49:17,173 - INFO - 网站没有变化，没有开始.
2024-07-17 15:50:19,548 - INFO - 2024-07-17 15:50:19
2024-07-17 15:50:19,548 - INFO - 网站没有变化，没有开始.
2024-07-17 15:51:21,817 - INFO - 2024-07-17 15:51:21
2024-07-17 15:51:21,817 - INFO - 网站没有变化，没有开始.
2024-07-17 15:52:24,163 - INFO - 2024-07-17 15:52:24
2024-07-17 15:52:24,164 - INFO - 网站没有变化，没有开始.
2024-07-17 15:53:26,451 - INFO - 2024-07-17 15:53:26
2024-07-17 15:53:26,452 - INFO - 网站没有变化，没有开始.
2024-07-17 15:54:28,727 - INFO - 2024-07-17 15:54:28
2024-07-17 15:54:28,727 - INFO - 网站没有变化，没有开始.
2024-07-17 15:55:31,047 - INFO - 2024-07-17 15:55:31
2024-07-17 15:55:31,047 - INFO - 网站没有变化，没有开始.
2024-07-17 15:56:33,326 - INFO - 2024-07-17 15:56:33
2024-07-17 15:56:33,326 - INFO - 网站没有变化，没有开始.
2024-07-17 15:57:35,654 - INFO - 2024-07-17 15:57:35
2024-07-17 15:57:35,655 - INFO - 网站没有变化，没有开始.
2024-07-17 15:58:37,929 - INFO - 2024-07-17 15:58:37
2024-07-17 15:58:37,929 - INFO - 网站没有变化，没有开始.
2024-07-17 15:59:40,280 - INFO - 2024-07-17 15:59:40
2024-07-17 15:59:40,280 - INFO - 网站没有变化，没有开始.
2024-07-17 16:00:42,617 - INFO - 2024-07-17 16:00:42
2024-07-17 16:00:42,617 - INFO - 网站没有变化，没有开始.
2024-07-17 16:01:45,003 - INFO - 2024-07-17 16:01:45
2024-07-17 16:01:45,004 - INFO - 48公布了！！: <html>
<head><title>502 Bad Gateway</title></head>
<body>
<center><h1>502 Bad Gateway</h1></center>
<hr><center>sdjy/1.0</center>
</body>
</html>
<!-- a padding to disable MSIE and Chrome friendly error page -->
<!-- a padding to disable MSIE and Chrome friendly error page -->
<!-- a padding to disable MSIE and Chrome friendly error page -->
<!-- a padding to disable MSIE and Chrome friendly error page -->
<!-- a padding to disable MSIE and Chrome friendly error page -->
<!-- a padding to disable MSIE and Chrome friendly error page -->

2024-07-17 16:02:49,315 - INFO - 2024-07-17 16:02:49
2024-07-17 16:02:49,315 - INFO - 网站没有变化，没有开始.
2024-07-17 16:03:51,679 - INFO - 2024-07-17 16:03:51
2024-07-17 16:03:51,679 - INFO - 网站没有变化，没有开始.
2024-07-17 16:04:53,934 - INFO - 2024-07-17 16:04:53
2024-07-17 16:04:53,934 - INFO - 网站没有变化，没有开始.
2024-07-17 16:05:56,254 - INFO - 2024-07-17 16:05:56
2024-07-17 16:05:56,254 - INFO - 网站没有变化，没有开始.
2024-07-17 16:06:58,544 - INFO - 2024-07-17 16:06:58
2024-07-17 16:06:58,544 - INFO - 网站没有变化，没有开始.
2024-07-17 16:08:00,803 - INFO - 2024-07-17 16:08:00
2024-07-17 16:08:00,803 - INFO - 48公布了！！: {
	"code":"201",
	"data":null,
	"msg":"未到电脑随机派位结果公示时间，请耐心等待",
	"result":""
}
2024-07-17 16:09:04,962 - INFO - 2024-07-17 16:09:04
2024-07-17 16:09:04,962 - INFO - 网站没有变化，没有开始.
2024-07-17 16:10:07,241 - INFO - 2024-07-17 16:10:07
2024-07-17 16:10:07,241 - INFO - 网站没有变化，没有开始.
2024-07-17 16:11:09,574 - INFO - 2024-07-17 16:11:09
2024-07-17 16:11:09,574 - INFO - 网站没有变化，没有开始.
2024-07-17 16:12:11,833 - INFO - 2024-07-17 16:12:11
2024-07-17 16:12:11,833 - INFO - 网站没有变化，没有开始.
2024-07-17 16:13:14,114 - INFO - 2024-07-17 16:13:14
2024-07-17 16:13:14,115 - INFO - 网站没有变化，没有开始.
2024-07-17 16:14:16,440 - INFO - 2024-07-17 16:14:16
2024-07-17 16:14:16,441 - INFO - 48公布了！！: {
	"code":"201",
	"data":null,
	"msg":"当前访问人数过多，请稍后查看",
	"result":""
}
2024-07-17 16:15:20,736 - INFO - 2024-07-17 16:15:20
2024-07-17 16:15:20,737 - INFO - 网站没有变化，没有开始.
2024-07-17 16:16:23,028 - INFO - 2024-07-17 16:16:23
2024-07-17 16:16:23,029 - INFO - 网站没有变化，没有开始.
2024-07-17 16:17:25,346 - INFO - 2024-07-17 16:17:25
2024-07-17 16:17:25,347 - INFO - 网站没有变化，没有开始.
2024-07-17 16:18:27,631 - INFO - 2024-07-17 16:18:27
2024-07-17 16:18:27,631 - INFO - 网站没有变化，没有开始.
2024-07-17 16:19:29,919 - INFO - 2024-07-17 16:19:29
2024-07-17 16:19:29,919 - INFO - 网站没有变化，没有开始.
2024-07-17 16:20:32,230 - INFO - 2024-07-17 16:20:32
2024-07-17 16:20:32,230 - INFO - 网站没有变化，没有开始.
2024-07-17 16:21:34,509 - INFO - 2024-07-17 16:21:34
2024-07-17 16:21:34,509 - INFO - 网站没有变化，没有开始.
2024-07-17 16:22:36,791 - INFO - 2024-07-17 16:22:36
2024-07-17 16:22:36,792 - INFO - 网站没有变化，没有开始.
2024-07-17 16:23:39,113 - INFO - 2024-07-17 16:23:39
2024-07-17 16:23:39,113 - INFO - 网站没有变化，没有开始.
2024-07-17 16:24:41,381 - INFO - 2024-07-17 16:24:41
2024-07-17 16:24:41,385 - INFO - 网站没有变化，没有开始.
2024-07-17 16:25:43,725 - INFO - 2024-07-17 16:25:43
2024-07-17 16:25:43,726 - INFO - 网站没有变化，没有开始.
2024-07-17 16:26:45,987 - INFO - 2024-07-17 16:26:45
2024-07-17 16:26:45,988 - INFO - 网站没有变化，没有开始.
2024-07-17 16:27:48,307 - INFO - 2024-07-17 16:27:48
2024-07-17 16:27:48,309 - INFO - 网站没有变化，没有开始.
2024-07-17 16:28:50,618 - INFO - 2024-07-17 16:28:50
2024-07-17 16:28:50,618 - INFO - 网站没有变化，没有开始.
2024-07-17 16:29:52,904 - INFO - 2024-07-17 16:29:52
2024-07-17 16:29:52,904 - INFO - 网站没有变化，没有开始.
2024-07-17 16:30:55,229 - INFO - 2024-07-17 16:30:55
2024-07-17 16:30:55,229 - INFO - 网站没有变化，没有开始.
